<?xml version="1.0" encoding="UTF-8" ?>
<testsuite 
errors="0" failures="0" hostname="OSTML0244802" name="com.nk.crud.ImageEndpointFeature" tests="3" time="1.166" timestamp="2018-04-05T15:33:05">
  <properties>
    <property name="jline.esc.timeout" value="0"> </property>
    <property name="jna.platform.library.path" value="/usr/lib:/usr/lib">
    </property>
    <property name="java.runtime.name" value="Java(TM) SE Runtime Environment">
    </property>
    <property name="java.vm.version" value="9.0.4+11"> </property>
    <property 
    name="sun.boot.library.path" value="/Library/Java/JavaVirtualMachines/jdk-9.0.4.jdk/Contents/Home/lib">
</property>
    <property name="gopherProxySet" value="false"> </property>
    <property name="java.vm.vendor" value="Oracle Corporation"> </property>
    <property name="java.vendor.url" value="http://java.oracle.com/">
    </property>
    <property name="path.separator" value=":"> </property>
    <property name="jna.loaded" value="true"> </property>
    <property name="java.vm.name" value="Java HotSpot(TM) 64-Bit Server VM">
    </property>
    <property name="file.encoding.pkg" value="sun.io"> </property>
    <property name="sun.os.patch.level" value="unknown"> </property>
    <property name="user.country" value="GB"> </property>
    <property name="sun.java.launcher" value="SUN_STANDARD"> </property>
    <property name="jna.nosys" value="true"> </property>
    <property 
    name="java.vm.specification.name" value="Java Virtual Machine Specification">
</property>
    <property name="user.dir" value="/Users/nke09/scalacrud"> </property>
    <property name="java.vm.compressedOopsMode" value="Zero based"> </property>
    <property name="java.runtime.version" value="9.0.4+11"> </property>
    <property name="java.awt.graphicsenv" value="sun.awt.CGraphicsEnvironment">
    </property>
    <property name="os.arch" value="x86_64"> </property>
    <property 
    name="java.io.tmpdir" value="/var/folders/wk/yxytqc8s7sg1fctygpghjlpnkbvqv_/T/">
</property>
    <property name="line.separator" value=" "> </property>
    <property name="java.vm.specification.vendor" value="Oracle Corporation">
    </property>
    <property name="os.name" value="Mac OS X"> </property>
    <property name="sun.jnu.encoding" value="UTF-8"> </property>
    <property 
    name="scala.ext.dirs" value="/Users/nke09/.sbt/0.13/java9-rt-ext-oracle_corporation_9_0_4">
</property>
    <property 
    name="jnidispatch.path" value="/var/folders/wk/yxytqc8s7sg1fctygpghjlpnkbvqv_/T/jna-104873553/jna11115645028954515067.tmp">
</property>
    <property 
    name="java.library.path" value="/Users/nke09/Library/Java/Extensions:/Library/Java/Extensions:/Network/Library/Java/Extensions:/System/Library/Java/Extensions:/usr/lib/java:.">
</property>
    <property name="jdk.debug" value="release"> </property>
    <property name="java.class.version" value="53.0"> </property>
    <property 
    name="java.specification.name" value="Java Platform API Specification">
</property>
    <property 
    name="sun.management.compiler" value="HotSpot 64-Bit Tiered Compilers">
</property>
    <property name="os.version" value="10.12.6"> </property>
    <property name="user.home" value="/Users/nke09"> </property>
    <property name="user.timezone" value="Europe/London"> </property>
    <property name="java.awt.printerjob" value="sun.lwawt.macosx.CPrinterJob">
    </property>
    <property name="file.encoding" value="UTF-8"> </property>
    <property name="java.specification.version" value="9"> </property>
    <property name="user.name" value="nke09"> </property>
    <property 
    name="java.class.path" value="/usr/local/Cellar/sbt/1.1.2/libexec/bin/sbt-launch.jar">
</property>
    <property name="jline.shutdownhook" value="false"> </property>
    <property name="java.vm.specification.version" value="9"> </property>
    <property name="sun.arch.data.model" value="64"> </property>
    <property 
    name="sun.java.command" value="/usr/local/Cellar/sbt/1.1.2/libexec/bin/sbt-launch.jar test">
</property>
    <property 
    name="java.home" value="/Library/Java/JavaVirtualMachines/jdk-9.0.4.jdk/Contents/Home">
</property>
    <property name="user.language" value="en"> </property>
    <property name="java.specification.vendor" value="Oracle Corporation">
    </property>
    <property name="awt.toolkit" value="sun.lwawt.macosx.LWCToolkit">
    </property>
    <property name="java.vm.info" value="mixed mode"> </property>
    <property name="java.version" value="9.0.4"> </property>
    <property name="java.vendor" value="Oracle Corporation"> </property>
    <property name="file.separator" value="/"> </property>
    <property 
    name="java.vendor.url.bug" value="http://bugreport.java.com/bugreport/">
</property>
    <property name="sun.io.unicode.encoding" value="UnicodeBig"> </property>
    <property name="sun.cpu.endian" value="little"> </property>
    <property name="sun.cpu.isalist" value=""> </property>
  </properties>
  <testcase 
  name="Feature: image api Scenario: success creation" classname="com.nk.crud.ImageEndpointFeature" time="0.94">
</testcase>
  <testcase 
  name="Feature: image api Scenario: success get after success creation" classname="com.nk.crud.ImageEndpointFeature" time="0.107">
</testcase>
  <testcase 
  name="Feature: image api Scenario: invalid id on get" classname="com.nk.crud.ImageEndpointFeature" time="0.044">
</testcase>
  <system-out><![CDATA[]]></system-out>
  <system-err><![CDATA[]]></system-err>
</testsuite>
